<?xml version="1.0" encoding="UTF-8"?>
<!-- Generated by org.testng.reporters.JUnitXMLReporter -->
<testsuite ignored="0" hostname="RSPLLT296" failures="1" tests="12" name="Test" time="86.159" errors="0" timestamp="2025-05-12T18:57:16 IST">
  <testcase classname="com.endToEndTesting.orderCompleteTesting" name="SelectProduct" time="5.34"/>
  <testcase classname="com.endToEndTesting.orderCompleteTesting" name="selectProductOne" time="5.373"/>
  <testcase classname="com.endToEndTesting.orderCompleteTesting" name="CustomerDetails" time="8.645">
    <failure type="java.lang.AssertionError" message="expected [false] but found [true]">
      <![CDATA[java.lang.AssertionError: expected [false] but found [true]
at com.endToEndTesting.orderCompleteTesting.CustomerDetails(orderCompleteTesting.java:114)
at java.base/java.util.ArrayList.forEach(ArrayList.java:1596)
... Removed 29 stack frames]]>
    </failure>
  </testcase> <!-- CustomerDetails -->
  <testcase classname="com.endToEndTesting.loginToEndTesting" name="searchProduct" time="4.006"/>
  <testcase classname="com.endToEndTesting.loginToEndTesting" name="searchProduct" time="5.07"/>
  <testcase classname="com.endToEndTesting.loginToEndTesting" name="searchProduct" time="3.823"/>
  <testcase classname="com.endToEndTesting.loginToEndTesting" name="searchProduct" time="3.904"/>
  <testcase classname="com.endToEndTesting.loginToEndTesting" name="selectProduct" time="5.455"/>
  <testcase classname="com.endToEndTesting.loginToEndTesting" name="validate" time="0.074"/>
  <testcase classname="com.endToEndTesting.loginToEndTesting" name="selectSamsungMobile" time="1.383"/>
  <testcase classname="com.endToEndTesting.loginToEndTesting" name="selectXiaomiMobile" time="11.554"/>
  <testcase classname="com.endToEndTesting.loginToEndTesting" name="addToCartXiaomi" time="1.455"/>
</testsuite> <!-- Test -->
