<?xml version="1.0" encoding="UTF-8"?>
<!-- Generated by org.testng.reporters.JUnitReportReporter -->
<testsuite hostname="RSPLLT296" failures="0" tests="11" name="com.endToEndTesting.loginToEndTesting" time="80.192" errors="1" timestamp="2025-05-15T17:45:59 IST" skipped="0">
  <testcase classname="com.endToEndTesting.loginToEndTesting" name="searchProduct" time="4.501"/>
  <testcase classname="com.endToEndTesting.loginToEndTesting" name="searchProduct" time="3.774"/>
  <testcase classname="com.endToEndTesting.loginToEndTesting" name="searchProduct" time="3.679"/>
  <testcase classname="com.endToEndTesting.loginToEndTesting" name="searchProduct" time="3.366"/>
  <testcase classname="com.endToEndTesting.loginToEndTesting" name="selectProduct" time="5.482"/>
  <testcase classname="com.endToEndTesting.loginToEndTesting" name="validate" time="0.088"/>
  <testcase classname="com.endToEndTesting.loginToEndTesting" name="selectSamsungMobile" time="1.347"/>
  <testcase classname="com.endToEndTesting.loginToEndTesting" name="selectXiaomiMobile" time="11.647"/>
  <testcase classname="com.endToEndTesting.loginToEndTesting" name="addToCartXiaomi" time="4.039"/>
  <testcase classname="com.endToEndTesting.loginToEndTesting" name="ShoppingCart" time="6.072"/>
  <testcase classname="com.endToEndTesting.loginToEndTesting" name="UserLogin" time="36.197">
    <error message="element click intercepted: Element &lt;input class=&quot;form-control&quot; type=&quot;number&quot; name=&quot;item[609bbc1ae8c3e6fd1dcf914dd199db4c][quantity]&quot; value=&quot;6&quot; data-type=&quot;number&quot; min=&quot;1&quot; max=&quot;10000&quot; step=&quot;any&quot;&gt; is not clickable at point (865, 564). Other element would receive the click: &lt;div class=&quot;loader-wrapper&quot; style=&quot;opacity: 0.0989611;&quot;&gt;...&lt;/div&gt;
  (Session info: chrome=136.0.7103.93)
Build info: version: &#039;4.22.0&#039;, revision: &#039;c5f3146703*&#039;
System info: os.name: &#039;Windows 11&#039;, os.arch: &#039;amd64&#039;, os.version: &#039;10.0&#039;, java.version: &#039;21.0.6&#039;
Driver info: org.openqa.selenium.chrome.ChromeDriver
Command: [8533617fccca977207e78c1a73a9776a, clickElement {id=f.4D336270B7F19AE8DA48F7B12927E14B.d.1770CA23AB4D32BA478B8CA5C391EA13.e.23399}]
Capabilities {acceptInsecureCerts: false, browserName: chrome, browserVersion: 136.0.7103.93, chrome: {chromedriverVersion: 136.0.7103.94 (fa0be0b33deb..., userDataDir: C:\Users\MOHAMM~1.AMA\AppDa...}, fedcm:accounts: true, goog:chromeOptions: {debuggerAddress: localhost:63058}, networkConnectionEnabled: false, pageLoadStrategy: normal, platformName: windows, proxy: Proxy(), se:cdp: ws://localhost:63058/devtoo..., se:cdpVersion: 136.0.7103.93, setWindowRect: true, strictFileInteractability: false, timeouts: {implicit: 0, pageLoad: 300000, script: 30000}, unhandledPromptBehavior: dismiss and notify, webauthn:extension:credBlob: true, webauthn:extension:largeBlob: true, webauthn:extension:minPinLength: true, webauthn:extension:prf: true, webauthn:virtualAuthenticators: true}
Element: [[ChromeDriver: chrome on windows (8533617fccca977207e78c1a73a9776a)] -&gt; xpath: //input[@name=&#039;item[609bbc1ae8c3e6fd1dcf914dd199db4c][quantity]&#039;]]
Session ID: 8533617fccca977207e78c1a73a9776a" type="org.openqa.selenium.ElementClickInterceptedException">
      <![CDATA[org.openqa.selenium.ElementClickInterceptedException: element click intercepted: Element <input class="form-control" type="number" name="item[609bbc1ae8c3e6fd1dcf914dd199db4c][quantity]" value="6" data-type="number" min="1" max="10000" step="any"> is not clickable at point (865, 564). Other element would receive the click: <div class="loader-wrapper" style="opacity: 0.0989611;">...</div>
  (Session info: chrome=136.0.7103.93)
Build info: version: '4.22.0', revision: 'c5f3146703*'
System info: os.name: 'Windows 11', os.arch: 'amd64', os.version: '10.0', java.version: '21.0.6'
Driver info: org.openqa.selenium.chrome.ChromeDriver
Command: [8533617fccca977207e78c1a73a9776a, clickElement {id=f.4D336270B7F19AE8DA48F7B12927E14B.d.1770CA23AB4D32BA478B8CA5C391EA13.e.23399}]
Capabilities {acceptInsecureCerts: false, browserName: chrome, browserVersion: 136.0.7103.93, chrome: {chromedriverVersion: 136.0.7103.94 (fa0be0b33deb..., userDataDir: C:\Users\MOHAMM~1.AMA\AppDa...}, fedcm:accounts: true, goog:chromeOptions: {debuggerAddress: localhost:63058}, networkConnectionEnabled: false, pageLoadStrategy: normal, platformName: windows, proxy: Proxy(), se:cdp: ws://localhost:63058/devtoo..., se:cdpVersion: 136.0.7103.93, setWindowRect: true, strictFileInteractability: false, timeouts: {implicit: 0, pageLoad: 300000, script: 30000}, unhandledPromptBehavior: dismiss and notify, webauthn:extension:credBlob: true, webauthn:extension:largeBlob: true, webauthn:extension:minPinLength: true, webauthn:extension:prf: true, webauthn:virtualAuthenticators: true}
Element: [[ChromeDriver: chrome on windows (8533617fccca977207e78c1a73a9776a)] -> xpath: //input[@name='item[609bbc1ae8c3e6fd1dcf914dd199db4c][quantity]']]
Session ID: 8533617fccca977207e78c1a73a9776a
at java.base/jdk.internal.reflect.DirectConstructorHandleAccessor.newInstance(DirectConstructorHandleAccessor.java:62)
at java.base/java.lang.reflect.Constructor.newInstanceWithCaller(Constructor.java:502)
at java.base/java.lang.reflect.Constructor.newInstance(Constructor.java:486)
at org.openqa.selenium.remote.ErrorCodec.decode(ErrorCodec.java:167)
at org.openqa.selenium.remote.codec.w3c.W3CHttpResponseCodec.decode(W3CHttpResponseCodec.java:138)
at org.openqa.selenium.remote.codec.w3c.W3CHttpResponseCodec.decode(W3CHttpResponseCodec.java:50)
at org.openqa.selenium.remote.HttpCommandExecutor.execute(HttpCommandExecutor.java:190)
at org.openqa.selenium.remote.service.DriverCommandExecutor.invokeExecute(DriverCommandExecutor.java:216)
at org.openqa.selenium.remote.service.DriverCommandExecutor.execute(DriverCommandExecutor.java:174)
at org.openqa.selenium.remote.RemoteWebDriver.execute(RemoteWebDriver.java:518)
at org.openqa.selenium.remote.RemoteWebElement.execute(RemoteWebElement.java:223)
at org.openqa.selenium.remote.RemoteWebElement.click(RemoteWebElement.java:76)
at com.endToEndTesting.loginToEndTesting.UserLogin(loginToEndTesting.java:226)
at java.base/jdk.internal.reflect.DirectMethodHandleAccessor.invoke(DirectMethodHandleAccessor.java:103)
at java.base/java.lang.reflect.Method.invoke(Method.java:580)
at org.testng.internal.invokers.MethodInvocationHelper.invokeMethod(MethodInvocationHelper.java:141)
at org.testng.internal.invokers.TestInvoker.invokeMethod(TestInvoker.java:686)
at org.testng.internal.invokers.TestInvoker.invokeTestMethod(TestInvoker.java:230)
at org.testng.internal.invokers.MethodRunner.runInSequence(MethodRunner.java:63)
at org.testng.internal.invokers.TestInvoker$MethodInvocationAgent.invoke(TestInvoker.java:992)
at org.testng.internal.invokers.TestInvoker.invokeTestMethods(TestInvoker.java:203)
at org.testng.internal.invokers.TestMethodWorker.invokeTestMethods(TestMethodWorker.java:154)
at org.testng.internal.invokers.TestMethodWorker.run(TestMethodWorker.java:134)
at java.base/java.util.ArrayList.forEach(ArrayList.java:1596)
at org.testng.TestRunner.privateRun(TestRunner.java:739)
at org.testng.TestRunner.run(TestRunner.java:614)
at org.testng.SuiteRunner.runTest(SuiteRunner.java:421)
at org.testng.SuiteRunner.runSequentially(SuiteRunner.java:413)
at org.testng.SuiteRunner.privateRun(SuiteRunner.java:373)
at org.testng.SuiteRunner.run(SuiteRunner.java:312)
at org.testng.SuiteRunnerWorker.runSuite(SuiteRunnerWorker.java:52)
at org.testng.SuiteRunnerWorker.run(SuiteRunnerWorker.java:95)
at org.testng.TestNG.runSuitesSequentially(TestNG.java:1274)
at org.testng.TestNG.runSuitesLocally(TestNG.java:1208)
at org.testng.TestNG.runSuites(TestNG.java:1112)
at org.testng.TestNG.run(TestNG.java:1079)
at org.testng.remote.AbstractRemoteTestNG.run(AbstractRemoteTestNG.java:115)
at org.testng.remote.RemoteTestNG.initAndRun(RemoteTestNG.java:293)
at org.testng.remote.RemoteTestNG.main(RemoteTestNG.java:91)
]]>
    </error>
  </testcase> <!-- UserLogin -->
</testsuite> <!-- com.endToEndTesting.loginToEndTesting -->
